Total number of parameters: 348932

ANP:trial step 200 lr 4.995e-04 loss 2.4316 (2.399 secs)
ANP:trial step 400 lr 4.980e-04 loss 1.8330 (2.054 secs)
ANP:trial step 600 lr 4.956e-04 loss 1.3929 (2.074 secs)
ANP:trial step 800 lr 4.921e-04 loss 1.1803 (2.082 secs)
ANP:trial step 1000 lr 4.878e-04 loss 0.9930 (2.095 secs)
ANP:trial crps 0.3757 ctx_ll -1.0257 tar_ll -1.2689 ctx_re inf tar_re inf (4.047 secs)

save model at epoch 1000
ANP:trial step 1200 lr 4.824e-04 loss 0.8385 (5.927 secs)
ANP:trial step 1400 lr 4.762e-04 loss 0.6174 (2.127 secs)
ANP:trial step 1600 lr 4.691e-04 loss 0.3125 (2.129 secs)
ANP:trial step 1800 lr 4.611e-04 loss 0.0876 (2.114 secs)
ANP:trial step 2000 lr 4.523e-04 loss -0.2030 (2.140 secs)
ANP:trial crps 0.2396 ctx_ll 0.3482 tar_ll -0.1867 ctx_re inf tar_re inf (3.756 secs)

save model at epoch 2000
ANP:trial step 2200 lr 4.426e-04 loss -0.3722 (5.938 secs)
ANP:trial step 2400 lr 4.322e-04 loss -0.5530 (2.120 secs)
ANP:trial step 2600 lr 4.211e-04 loss -0.5571 (2.120 secs)
ANP:trial step 2800 lr 4.094e-04 loss -0.6664 (2.159 secs)
ANP:trial step 3000 lr 3.969e-04 loss -0.9121 (2.181 secs)
ANP:trial crps 0.1693 ctx_ll 1.0949 tar_ll 0.5145 ctx_re inf tar_re inf (3.765 secs)

save model at epoch 3000
ANP:trial step 3200 lr 3.840e-04 loss -0.9369 (5.994 secs)
ANP:trial step 3400 lr 3.704e-04 loss -1.0098 (2.267 secs)
ANP:trial step 3600 lr 3.564e-04 loss -1.1313 (2.183 secs)
ANP:trial step 3800 lr 3.420e-04 loss -1.0420 (2.185 secs)
ANP:trial step 4000 lr 3.273e-04 loss -1.1885 (2.201 secs)
ANP:trial crps 0.1650 ctx_ll 1.2323 tar_ll 0.6611 ctx_re inf tar_re inf (3.767 secs)

save model at epoch 4000
ANP:trial step 4200 lr 3.122e-04 loss -1.1951 (5.992 secs)
ANP:trial step 4400 lr 2.968e-04 loss -1.3082 (2.198 secs)
ANP:trial step 4600 lr 2.813e-04 loss -1.2591 (2.202 secs)
ANP:trial step 4800 lr 2.657e-04 loss -1.3324 (2.196 secs)
ANP:trial step 5000 lr 2.500e-04 loss -1.3188 (2.201 secs)
ANP:trial crps 0.1240 ctx_ll 1.7337 tar_ll 1.0610 ctx_re inf tar_re inf (3.747 secs)

save model at epoch 5000
ANP:trial step 5200 lr 2.343e-04 loss -1.4996 (5.964 secs)
ANP:trial step 5400 lr 2.187e-04 loss -1.4447 (2.202 secs)
ANP:trial step 5600 lr 2.032e-04 loss -1.4476 (2.199 secs)
ANP:trial step 5800 lr 1.878e-04 loss -1.5352 (2.201 secs)
ANP:trial step 6000 lr 1.727e-04 loss -1.5281 (2.206 secs)
ANP:trial crps 0.1150 ctx_ll 1.7946 tar_ll 1.1273 ctx_re inf tar_re inf (3.750 secs)

save model at epoch 6000
ANP:trial step 6200 lr 1.580e-04 loss -1.5557 (5.999 secs)
ANP:trial step 6400 lr 1.436e-04 loss -1.5914 (2.199 secs)
ANP:trial step 6600 lr 1.296e-04 loss -1.5663 (2.205 secs)
ANP:trial step 6800 lr 1.160e-04 loss -1.5995 (2.212 secs)
ANP:trial step 7000 lr 1.031e-04 loss -1.6195 (2.214 secs)
ANP:trial crps 0.1055 ctx_ll 1.9215 tar_ll 1.2451 ctx_re inf tar_re inf (3.766 secs)

save model at epoch 7000
ANP:trial step 7200 lr 9.064e-05 loss -1.6219 (6.024 secs)
ANP:trial step 7400 lr 7.886e-05 loss -1.6455 (2.217 secs)
ANP:trial step 7600 lr 6.776e-05 loss -1.6141 (2.243 secs)
ANP:trial step 7800 lr 5.737e-05 loss -1.6503 (2.235 secs)
ANP:trial step 8000 lr 4.775e-05 loss -1.6672 (2.203 secs)
ANP:trial crps 0.1021 ctx_ll 1.9895 tar_ll 1.2768 ctx_re inf tar_re inf (3.767 secs)

save model at epoch 8000
ANP:trial step 8200 lr 3.892e-05 loss -1.7115 (6.017 secs)
ANP:trial step 8400 lr 3.092e-05 loss -1.7167 (2.196 secs)
ANP:trial step 8600 lr 2.379e-05 loss -1.7256 (2.216 secs)
ANP:trial step 8800 lr 1.756e-05 loss -1.6678 (2.201 secs)
ANP:trial step 9000 lr 1.224e-05 loss -1.6978 (2.236 secs)
ANP:trial crps 0.1001 ctx_ll 1.9980 tar_ll 1.3077 ctx_re inf tar_re inf (3.763 secs)

save model at epoch 9000
ANP:trial step 9200 lr 7.854e-06 loss -1.6649 (6.061 secs)
ANP:trial step 9400 lr 4.428e-06 loss -1.7541 (2.230 secs)
ANP:trial step 9600 lr 1.971e-06 loss -1.6884 (2.283 secs)
ANP:trial step 9800 lr 4.933e-07 loss -1.7143 (2.274 secs)
ANP:trial step 10000 lr 0.000e+00 loss -1.7308 (2.289 secs)
ANP:trial crps 0.0997 ctx_ll 2.0121 tar_ll 1.3088 ctx_re inf tar_re inf (3.790 secs)

save model at epoch 10000
