Total number of parameters: 226500

TNPD:trial step 200 lr 4.995e-04 loss 2.4930 (3.252 secs)
TNPD:trial step 400 lr 4.980e-04 loss 1.5008 (2.981 secs)
TNPD:trial step 600 lr 4.956e-04 loss 0.8531 (2.996 secs)
TNPD:trial step 800 lr 4.921e-04 loss 0.5585 (3.065 secs)
TNPD:trial step 1000 lr 4.878e-04 loss 0.3068 (3.064 secs)
TNPD:trial ctx_ll 0.2120 tar_ll -0.1274 (26.482 secs)

save model at epoch 1000
TNPD:trial step 1200 lr 4.824e-04 loss 0.1660 (29.388 secs)
TNPD:trial step 1400 lr 4.762e-04 loss -0.0027 (3.176 secs)
TNPD:trial step 1600 lr 4.691e-04 loss -0.2201 (3.131 secs)
TNPD:trial step 1800 lr 4.611e-04 loss -0.1779 (3.081 secs)
TNPD:trial step 2000 lr 4.523e-04 loss -0.4290 (3.071 secs)
TNPD:trial ctx_ll 1.0046 tar_ll 0.4805 (26.279 secs)

save model at epoch 2000
TNPD:trial step 2200 lr 4.426e-04 loss -0.5621 (29.497 secs)
TNPD:trial step 2400 lr 4.322e-04 loss -0.6798 (3.115 secs)
TNPD:trial step 2600 lr 4.211e-04 loss -0.8738 (3.078 secs)
TNPD:trial step 2800 lr 4.094e-04 loss -0.9810 (3.097 secs)
TNPD:trial step 3000 lr 3.969e-04 loss -1.0604 (3.115 secs)
TNPD:trial ctx_ll 1.8509 tar_ll 1.1263 (26.287 secs)

save model at epoch 3000
TNPD:trial step 3200 lr 3.840e-04 loss -1.1880 (29.452 secs)
TNPD:trial step 3400 lr 3.704e-04 loss -0.9160 (3.175 secs)
TNPD:trial step 3600 lr 3.564e-04 loss -1.2198 (3.087 secs)
TNPD:trial step 3800 lr 3.420e-04 loss -1.2951 (3.193 secs)
TNPD:trial step 4000 lr 3.273e-04 loss -1.3602 (3.171 secs)
TNPD:trial ctx_ll 1.9589 tar_ll 1.2104 (26.334 secs)

save model at epoch 4000
TNPD:trial step 4200 lr 3.122e-04 loss -1.3091 (29.441 secs)
TNPD:trial step 4400 lr 2.968e-04 loss -1.4781 (3.115 secs)
TNPD:trial step 4600 lr 2.813e-04 loss -1.3883 (3.271 secs)
TNPD:trial step 4800 lr 2.657e-04 loss -1.5659 (3.131 secs)
TNPD:trial step 5000 lr 2.500e-04 loss -1.5446 (3.136 secs)
TNPD:trial ctx_ll 2.4386 tar_ll 1.5570 (26.326 secs)

save model at epoch 5000
TNPD:trial step 5200 lr 2.343e-04 loss -1.7439 (29.483 secs)
TNPD:trial step 5400 lr 2.187e-04 loss -1.6611 (3.116 secs)
TNPD:trial step 5600 lr 2.032e-04 loss -1.6532 (3.167 secs)
TNPD:trial step 5800 lr 1.878e-04 loss -1.7642 (3.159 secs)
TNPD:trial step 6000 lr 1.727e-04 loss -1.8015 (3.114 secs)
TNPD:trial ctx_ll 2.8343 tar_ll 1.8269 (26.363 secs)

save model at epoch 6000
TNPD:trial step 6200 lr 1.580e-04 loss -1.8281 (29.466 secs)
TNPD:trial step 6400 lr 1.436e-04 loss -1.8592 (3.066 secs)
TNPD:trial step 6600 lr 1.296e-04 loss -1.8293 (3.125 secs)
TNPD:trial step 6800 lr 1.160e-04 loss -1.8642 (3.181 secs)
TNPD:trial step 7000 lr 1.031e-04 loss -1.8541 (3.147 secs)
TNPD:trial ctx_ll 2.9668 tar_ll 1.9175 (26.395 secs)

save model at epoch 7000
TNPD:trial step 7200 lr 9.064e-05 loss -1.8915 (29.667 secs)
TNPD:trial step 7400 lr 7.886e-05 loss -1.9450 (3.205 secs)
TNPD:trial step 7600 lr 6.776e-05 loss -1.8868 (3.278 secs)
TNPD:trial step 7800 lr 5.737e-05 loss -1.9228 (3.130 secs)
TNPD:trial step 8000 lr 4.775e-05 loss -1.9604 (3.175 secs)
TNPD:trial ctx_ll 3.0744 tar_ll 1.9880 (26.243 secs)

save model at epoch 8000
TNPD:trial step 8200 lr 3.892e-05 loss -2.0237 (29.301 secs)
TNPD:trial step 8400 lr 3.092e-05 loss -2.0395 (3.166 secs)
TNPD:trial step 8600 lr 2.379e-05 loss -2.0571 (3.109 secs)
TNPD:trial step 8800 lr 1.756e-05 loss -1.9449 (3.189 secs)
TNPD:trial step 9000 lr 1.224e-05 loss -2.0038 (3.151 secs)
TNPD:trial ctx_ll 3.1512 tar_ll 2.0122 (26.080 secs)

save model at epoch 9000
TNPD:trial step 9200 lr 7.854e-06 loss -1.9604 (29.263 secs)
TNPD:trial step 9400 lr 4.428e-06 loss -2.0967 (3.129 secs)
TNPD:trial step 9600 lr 1.971e-06 loss -1.9762 (3.158 secs)
TNPD:trial step 9800 lr 4.933e-07 loss -2.0315 (3.135 secs)
TNPD:trial step 10000 lr 0.000e+00 loss -2.0560 (3.105 secs)
TNPD:trial ctx_ll 3.1749 tar_ll 2.0297 (26.239 secs)

save model at epoch 10000
